<?xml version="1.0" encoding="UTF-8"?>
<robot generator="Robot 6.1.1 (Python 3.11.9 on darwin)" generated="20240826 17:41:09.668" rpa="false" schemaversion="4">
<suite id="s1" name="cadastrarNovaConta &amp; camposInvertidos &amp; loginSemEmail &amp; loginSemSenha &amp; loginSucesso &amp; verificarPaginaDeLogin &amp; verificarPaginaInicial">
<suite id="s1-s1" name="cadastrarNovaConta" source="/Users/hiagorodrigues/Automaçao/act-digital-automation/features/cadastrarNovaConta.feature">
<test id="s1-s1-t1" name="Cadastrar Nova Conta Com Campos Validos" line="17">
<kw name="Open Browser" library="SeleniumLibrary">
<arg>${URL}</arg>
<arg>${BROWSER}</arg>
<doc>Opens a new browser instance to the optional ``url``.</doc>
<msg timestamp="20240826 17:41:09.739" level="INFO">Opening browser 'Chrome' to base url 'https://www.natura.com.br'.</msg>
<status status="PASS" starttime="20240826 17:41:09.739" endtime="20240826 17:41:11.074"/>
</kw>
<kw name="Maximize Browser Window" library="SeleniumLibrary">
<doc>Maximizes current browser window.</doc>
<status status="PASS" starttime="20240826 17:41:11.075" endtime="20240826 17:41:11.762"/>
</kw>
<kw name="Botao Entrar Deveria Estar Visivel" library="HomePage">
<kw name="Wait Until Element Is Visible" library="SeleniumLibrary">
<arg>${ENTRAR_BUTTON_CSS}</arg>
<arg>timeout=10</arg>
<doc>Waits until the element ``locator`` is visible.</doc>
<status status="PASS" starttime="20240826 17:41:11.762" endtime="20240826 17:41:12.279"/>
</kw>
<kw name="Element Should Be Visible" library="SeleniumLibrary">
<arg>${ENTRAR_BUTTON_CSS}</arg>
<doc>Verifies that the element identified by ``locator`` is visible.</doc>
<msg timestamp="20240826 17:41:12.314" level="INFO">Element 'css=.py-0' is displayed.</msg>
<status status="PASS" starttime="20240826 17:41:12.279" endtime="20240826 17:41:12.314"/>
</kw>
<status status="PASS" starttime="20240826 17:41:11.762" endtime="20240826 17:41:12.314"/>
</kw>
<kw name="Clicar No Botao Entrar" library="HomePage">
<kw name="Click Element" library="SeleniumLibrary">
<arg>${ENTRAR_BUTTON_CSS}</arg>
<doc>Click the element identified by ``locator``.</doc>
<msg timestamp="20240826 17:41:12.314" level="INFO">Clicking element 'css=.py-0'.</msg>
<status status="PASS" starttime="20240826 17:41:12.314" endtime="20240826 17:41:12.426"/>
</kw>
<status status="PASS" starttime="20240826 17:41:12.314" endtime="20240826 17:41:12.426"/>
</kw>
<kw name="Campos Login Deveriam Estar Visiveis" library="LoginPage">
<kw name="Wait Until Element Is Visible" library="SeleniumLibrary">
<arg>${EMAIL_FIELD_CSS}</arg>
<arg>timeout=10</arg>
<doc>Waits until the element ``locator`` is visible.</doc>
<status status="PASS" starttime="20240826 17:41:12.429" endtime="20240826 17:41:13.736"/>
</kw>
<kw name="Element Should Be Visible" library="SeleniumLibrary">
<arg>${EMAIL_FIELD_CSS}</arg>
<doc>Verifies that the element identified by ``locator`` is visible.</doc>
<msg timestamp="20240826 17:41:13.743" level="INFO">Element 'css=input[name='login']' is displayed.</msg>
<status status="PASS" starttime="20240826 17:41:13.736" endtime="20240826 17:41:13.743"/>
</kw>
<kw name="Element Should Be Visible" library="SeleniumLibrary">
<arg>${PASSWORD_FIELD_CSS}</arg>
<doc>Verifies that the element identified by ``locator`` is visible.</doc>
<msg timestamp="20240826 17:41:13.753" level="INFO">Element 'css=input[type='password']' is displayed.</msg>
<status status="PASS" starttime="20240826 17:41:13.743" endtime="20240826 17:41:13.753"/>
</kw>
<kw name="Element Should Be Visible" library="SeleniumLibrary">
<arg>${CADASTRAR_CONTA_BUTTON_XPATH}</arg>
<doc>Verifies that the element identified by ``locator`` is visible.</doc>
<msg timestamp="20240826 17:41:13.761" level="INFO">Element 'xpath=//button[.//span[text()='Cadastrar conta']]' is displayed.</msg>
<status status="PASS" starttime="20240826 17:41:13.753" endtime="20240826 17:41:13.761"/>
</kw>
<status status="PASS" starttime="20240826 17:41:12.426" endtime="20240826 17:41:13.761"/>
</kw>
<kw name="Clicar No Botao Cadastrar Conta" library="LoginPage">
<kw name="Click Element" library="SeleniumLibrary">
<arg>${CADASTRAR_CONTA_BUTTON_XPATH}</arg>
<doc>Click the element identified by ``locator``.</doc>
<msg timestamp="20240826 17:41:13.762" level="INFO">Clicking element 'xpath=//button[.//span[text()='Cadastrar conta']]'.</msg>
<status status="PASS" starttime="20240826 17:41:13.762" endtime="20240826 17:41:13.822"/>
</kw>
<status status="PASS" starttime="20240826 17:41:13.762" endtime="20240826 17:41:13.822"/>
</kw>
<kw name="Campos Cadastro Deveriam Estar Visiveis" library="LoginPage">
<kw name="Wait Until Element Is Visible" library="SeleniumLibrary">
<arg>${NAME_FIELD_CSS}</arg>
<arg>timeout=10</arg>
<doc>Waits until the element ``locator`` is visible.</doc>
<status status="PASS" starttime="20240826 17:41:13.822" endtime="20240826 17:41:14.071"/>
</kw>
<kw name="Element Should Be Visible" library="SeleniumLibrary">
<arg>${NAME_FIELD_CSS}</arg>
<doc>Verifies that the element identified by ``locator`` is visible.</doc>
<msg timestamp="20240826 17:41:14.077" level="INFO">Element 'css=input[name='firstName']' is displayed.</msg>
<status status="PASS" starttime="20240826 17:41:14.071" endtime="20240826 17:41:14.077"/>
</kw>
<kw name="Element Should Be Visible" library="SeleniumLibrary">
<arg>${LAST_NAME_FIELD_CSS}</arg>
<doc>Verifies that the element identified by ``locator`` is visible.</doc>
<msg timestamp="20240826 17:41:14.085" level="INFO">Element 'css=input[name='lastName']' is displayed.</msg>
<status status="PASS" starttime="20240826 17:41:14.077" endtime="20240826 17:41:14.085"/>
</kw>
<kw name="Element Should Be Visible" library="SeleniumLibrary">
<arg>${PASSWORD_FIELD_CSS}</arg>
<doc>Verifies that the element identified by ``locator`` is visible.</doc>
<msg timestamp="20240826 17:41:14.092" level="INFO">Element 'css=input[type='password']' is displayed.</msg>
<status status="PASS" starttime="20240826 17:41:14.085" endtime="20240826 17:41:14.092"/>
</kw>
<kw name="Element Should Be Visible" library="SeleniumLibrary">
<arg>${CONFIRM_PASSWORD_FIELD_CSS}</arg>
<doc>Verifies that the element identified by ``locator`` is visible.</doc>
<msg timestamp="20240826 17:41:14.100" level="INFO">Element 'css=input[name='confirmPassword']' is displayed.</msg>
<status status="PASS" starttime="20240826 17:41:14.092" endtime="20240826 17:41:14.100"/>
</kw>
<kw name="Element Should Be Visible" library="SeleniumLibrary">
<arg>${CPF_FIELD_CSS}</arg>
<doc>Verifies that the element identified by ``locator`` is visible.</doc>
<msg timestamp="20240826 17:41:14.108" level="INFO">Element 'css=input[name='cpf']' is displayed.</msg>
<status status="PASS" starttime="20240826 17:41:14.100" endtime="20240826 17:41:14.108"/>
</kw>
<kw name="Element Should Be Visible" library="SeleniumLibrary">
<arg>${CELULAR_FIELD_CSS}</arg>
<doc>Verifies that the element identified by ``locator`` is visible.</doc>
<msg timestamp="20240826 17:41:14.116" level="INFO">Element 'css=input[name='homePhone']' is displayed.</msg>
<status status="PASS" starttime="20240826 17:41:14.108" endtime="20240826 17:41:14.116"/>
</kw>
<status status="PASS" starttime="20240826 17:41:13.822" endtime="20240826 17:41:14.116"/>
</kw>
<kw name="Preencher Campos De Cadastro" library="LoginPage">
<arg>${NOME}</arg>
<arg>${SOBRENOME}</arg>
<arg>${EMAIL}</arg>
<arg>${SENHA}</arg>
<arg>${CPF}</arg>
<arg>${CELULAR}</arg>
<kw name="Input Text" library="SeleniumLibrary">
<arg>${NAME_FIELD_CSS}</arg>
<arg>${nome}</arg>
<doc>Types the given ``text`` into the text field identified by ``locator``.</doc>
<msg timestamp="20240826 17:41:14.117" level="INFO">Typing text 'João' into text field 'css=input[name='firstName']'.</msg>
<status status="PASS" starttime="20240826 17:41:14.117" endtime="20240826 17:41:14.217"/>
</kw>
<kw name="Input Text" library="SeleniumLibrary">
<arg>${LAST_NAME_FIELD_CSS}</arg>
<arg>${sobrenome}</arg>
<doc>Types the given ``text`` into the text field identified by ``locator``.</doc>
<msg timestamp="20240826 17:41:14.217" level="INFO">Typing text 'Silva' into text field 'css=input[name='lastName']'.</msg>
<status status="PASS" starttime="20240826 17:41:14.217" endtime="20240826 17:41:14.264"/>
</kw>
<kw name="Input Text" library="SeleniumLibrary">
<arg>${EMAIL}</arg>
<arg>${email}</arg>
<doc>Types the given ``text`` into the text field identified by ``locator``.</doc>
<msg timestamp="20240826 17:41:14.265" level="INFO">Typing text 'email' into text field 'email'.</msg>
<status status="PASS" starttime="20240826 17:41:14.264" endtime="20240826 17:41:14.311"/>
</kw>
<kw name="Input Password" library="SeleniumLibrary">
<arg>${PASSWORD_FIELD_CSS}</arg>
<arg>${senha}</arg>
<doc>Types the given password into the text field identified by ``locator``.</doc>
<msg timestamp="20240826 17:41:14.311" level="INFO">Typing password into text field 'css=input[type='password']'.</msg>
<msg timestamp="20240826 17:41:14.391" level="INFO">Temporally setting log level to: NONE</msg>
<msg timestamp="20240826 17:41:14.457" level="INFO">Log level changed from NONE to INFO.</msg>
<status status="PASS" starttime="20240826 17:41:14.311" endtime="20240826 17:41:14.457"/>
</kw>
<kw name="Input Password" library="SeleniumLibrary">
<arg>${CONFIRM_PASSWORD_FIELD_CSS}</arg>
<arg>${senha}</arg>
<doc>Types the given password into the text field identified by ``locator``.</doc>
<msg timestamp="20240826 17:41:14.457" level="INFO">Typing password into text field 'css=input[name='confirmPassword']'.</msg>
<msg timestamp="20240826 17:41:14.501" level="INFO">Temporally setting log level to: NONE</msg>
<msg timestamp="20240826 17:41:14.536" level="INFO">Log level changed from NONE to INFO.</msg>
<status status="PASS" starttime="20240826 17:41:14.457" endtime="20240826 17:41:14.536"/>
</kw>
<kw name="Input Text" library="SeleniumLibrary">
<arg>${CPF_FIELD_CSS}</arg>
<arg>${cpf}</arg>
<doc>Types the given ``text`` into the text field identified by ``locator``.</doc>
<msg timestamp="20240826 17:41:14.536" level="INFO">Typing text '123.456.789-09' into text field 'css=input[name='cpf']'.</msg>
<status status="PASS" starttime="20240826 17:41:14.536" endtime="20240826 17:41:14.595"/>
</kw>
<kw name="Input Text" library="SeleniumLibrary">
<arg>${CELULAR_FIELD_CSS}</arg>
<arg>${celular}</arg>
<doc>Types the given ``text`` into the text field identified by ``locator``.</doc>
<msg timestamp="20240826 17:41:14.596" level="INFO">Typing text '11987654321' into text field 'css=input[name='homePhone']'.</msg>
<status status="PASS" starttime="20240826 17:41:14.595" endtime="20240826 17:41:14.697"/>
</kw>
<kw name="Click Element" library="SeleniumLibrary">
<arg>${CADASTRAR_CONTA_BUTTON_CSS}</arg>
<doc>Click the element identified by ``locator``.</doc>
<msg timestamp="20240826 17:41:14.698" level="INFO">Clicking element 'xpath=//button[span[text()='cadastrar conta']]'.</msg>
<status status="PASS" starttime="20240826 17:41:14.697" endtime="20240826 17:41:14.755"/>
</kw>
<status status="PASS" starttime="20240826 17:41:14.116" endtime="20240826 17:41:14.755"/>
</kw>
<status status="PASS" starttime="20240826 17:41:09.738" endtime="20240826 17:41:14.755"/>
</test>
<status status="PASS" starttime="20240826 17:41:09.678" endtime="20240826 17:41:14.756"/>
</suite>
<suite id="s1-s2" name="camposInvertidos" source="/Users/hiagorodrigues/Automaçao/act-digital-automation/features/camposInvertidos.feature">
<test id="s1-s2-t1" name="Fazer Login Com Campos Invertidos" line="13">
<kw name="Open Browser" library="SeleniumLibrary">
<arg>${URL}</arg>
<arg>${BROWSER}</arg>
<doc>Opens a new browser instance to the optional ``url``.</doc>
<msg timestamp="20240826 17:41:14.759" level="INFO">Opening browser 'Chrome' to base url 'https://www.natura.com.br'.</msg>
<status status="PASS" starttime="20240826 17:41:14.759" endtime="20240826 17:41:16.796"/>
</kw>
<kw name="Maximize Browser Window" library="SeleniumLibrary">
<doc>Maximizes current browser window.</doc>
<status status="PASS" starttime="20240826 17:41:16.796" endtime="20240826 17:41:17.884"/>
</kw>
<kw name="Botao Entrar Deveria Estar Visivel" library="HomePage">
<kw name="Wait Until Element Is Visible" library="SeleniumLibrary">
<arg>${ENTRAR_BUTTON_CSS}</arg>
<arg>timeout=10</arg>
<doc>Waits until the element ``locator`` is visible.</doc>
<status status="PASS" starttime="20240826 17:41:17.885" endtime="20240826 17:41:18.424"/>
</kw>
<kw name="Element Should Be Visible" library="SeleniumLibrary">
<arg>${ENTRAR_BUTTON_CSS}</arg>
<doc>Verifies that the element identified by ``locator`` is visible.</doc>
<msg timestamp="20240826 17:41:18.439" level="INFO">Element 'css=.py-0' is displayed.</msg>
<status status="PASS" starttime="20240826 17:41:18.424" endtime="20240826 17:41:18.439"/>
</kw>
<status status="PASS" starttime="20240826 17:41:17.885" endtime="20240826 17:41:18.439"/>
</kw>
<kw name="Clicar No Botao Entrar" library="HomePage">
<kw name="Click Element" library="SeleniumLibrary">
<arg>${ENTRAR_BUTTON_CSS}</arg>
<doc>Click the element identified by ``locator``.</doc>
<msg timestamp="20240826 17:41:18.439" level="INFO">Clicking element 'css=.py-0'.</msg>
<status status="PASS" starttime="20240826 17:41:18.439" endtime="20240826 17:41:19.144"/>
</kw>
<status status="PASS" starttime="20240826 17:41:18.439" endtime="20240826 17:41:19.144"/>
</kw>
<kw name="Campos Login Deveriam Estar Visiveis" library="LoginPage">
<kw name="Wait Until Element Is Visible" library="SeleniumLibrary">
<arg>${EMAIL_FIELD_CSS}</arg>
<arg>timeout=10</arg>
<doc>Waits until the element ``locator`` is visible.</doc>
<status status="PASS" starttime="20240826 17:41:19.144" endtime="20240826 17:41:20.336"/>
</kw>
<kw name="Element Should Be Visible" library="SeleniumLibrary">
<arg>${EMAIL_FIELD_CSS}</arg>
<doc>Verifies that the element identified by ``locator`` is visible.</doc>
<msg timestamp="20240826 17:41:20.353" level="INFO">Element 'css=input[name='login']' is displayed.</msg>
<status status="PASS" starttime="20240826 17:41:20.336" endtime="20240826 17:41:20.353"/>
</kw>
<kw name="Element Should Be Visible" library="SeleniumLibrary">
<arg>${PASSWORD_FIELD_CSS}</arg>
<doc>Verifies that the element identified by ``locator`` is visible.</doc>
<msg timestamp="20240826 17:41:20.367" level="INFO">Element 'css=input[type='password']' is displayed.</msg>
<status status="PASS" starttime="20240826 17:41:20.353" endtime="20240826 17:41:20.367"/>
</kw>
<kw name="Element Should Be Visible" library="SeleniumLibrary">
<arg>${CADASTRAR_CONTA_BUTTON_XPATH}</arg>
<doc>Verifies that the element identified by ``locator`` is visible.</doc>
<msg timestamp="20240826 17:41:20.378" level="INFO">Element 'xpath=//button[.//span[text()='Cadastrar conta']]' is displayed.</msg>
<status status="PASS" starttime="20240826 17:41:20.367" endtime="20240826 17:41:20.378"/>
</kw>
<status status="PASS" starttime="20240826 17:41:19.144" endtime="20240826 17:41:20.378"/>
</kw>
<kw name="Preencher Campos De Login" library="LoginPage">
<arg>${EMAIL}</arg>
<arg>${SENHA}</arg>
<kw name="Input Text" library="SeleniumLibrary">
<arg>${EMAIL_FIELD_CSS}</arg>
<arg>${EMAIL}</arg>
<doc>Types the given ``text`` into the text field identified by ``locator``.</doc>
<msg timestamp="20240826 17:41:20.379" level="INFO">Typing text 'q%7&amp;BiWJts6$uXK' into text field 'css=input[name='login']'.</msg>
<status status="PASS" starttime="20240826 17:41:20.378" endtime="20240826 17:41:20.892"/>
</kw>
<kw name="Input Text" library="SeleniumLibrary">
<arg>${PASSWORD_FIELD_CSS}</arg>
<arg>${SENHA}</arg>
<doc>Types the given ``text`` into the text field identified by ``locator``.</doc>
<msg timestamp="20240826 17:41:20.893" level="INFO">Typing text 'TEste@test.com' into text field 'css=input[type='password']'.</msg>
<status status="PASS" starttime="20240826 17:41:20.892" endtime="20240826 17:41:20.979"/>
</kw>
<kw name="Click Element" library="SeleniumLibrary">
<arg>${ENTRAR_CONTA_BUTTON_XPATH}</arg>
<doc>Click the element identified by ``locator``.</doc>
<msg timestamp="20240826 17:41:20.979" level="INFO">Clicking element 'xpath=//button[.//span[text()='Entrar']]'.</msg>
<status status="PASS" starttime="20240826 17:41:20.979" endtime="20240826 17:41:21.053"/>
</kw>
<status status="PASS" starttime="20240826 17:41:20.378" endtime="20240826 17:41:21.054"/>
</kw>
<kw name="Deve Solicitar Dados Validos" library="LoginPage">
<kw name="Page Should Contain" library="SeleniumLibrary">
<arg>${DADO_VALIDO}</arg>
<doc>Verifies that current page contains ``text``.</doc>
<msg timestamp="20240826 17:41:21.504" level="INFO" html="true">&lt;/td&gt;&lt;/tr&gt;&lt;tr&gt;&lt;td colspan="3"&gt;&lt;a href="selenium-screenshot-1.png"&gt;&lt;img src="selenium-screenshot-1.png" width="800px"&gt;&lt;/a&gt;</msg>
<msg timestamp="20240826 17:41:21.504" level="FAIL">Page should have contained text 'Informe um dado válido' but did not.</msg>
<status status="FAIL" starttime="20240826 17:41:21.056" endtime="20240826 17:41:21.509"/>
</kw>
<status status="FAIL" starttime="20240826 17:41:21.056" endtime="20240826 17:41:21.509"/>
</kw>
<status status="FAIL" starttime="20240826 17:41:14.759" endtime="20240826 17:41:21.509">Page should have contained text 'Informe um dado válido' but did not.</status>
</test>
<status status="FAIL" starttime="20240826 17:41:14.756" endtime="20240826 17:41:21.509"/>
</suite>
<suite id="s1-s3" name="loginSemEmail" source="/Users/hiagorodrigues/Automaçao/act-digital-automation/features/loginSemEmail.feature">
<test id="s1-s3-t1" name="Fazer Login Corretamente" line="13">
<kw name="Open Browser" library="SeleniumLibrary">
<arg>${URL}</arg>
<arg>${BROWSER}</arg>
<doc>Opens a new browser instance to the optional ``url``.</doc>
<msg timestamp="20240826 17:41:21.514" level="INFO">Opening browser 'Chrome' to base url 'https://www.natura.com.br'.</msg>
<status status="PASS" starttime="20240826 17:41:21.514" endtime="20240826 17:41:23.782"/>
</kw>
<kw name="Maximize Browser Window" library="SeleniumLibrary">
<doc>Maximizes current browser window.</doc>
<status status="PASS" starttime="20240826 17:41:23.782" endtime="20240826 17:41:25.081"/>
</kw>
<kw name="Botao Entrar Deveria Estar Visivel" library="HomePage">
<kw name="Wait Until Element Is Visible" library="SeleniumLibrary">
<arg>${ENTRAR_BUTTON_CSS}</arg>
<arg>timeout=10</arg>
<doc>Waits until the element ``locator`` is visible.</doc>
<status status="PASS" starttime="20240826 17:41:25.083" endtime="20240826 17:41:25.643"/>
</kw>
<kw name="Element Should Be Visible" library="SeleniumLibrary">
<arg>${ENTRAR_BUTTON_CSS}</arg>
<doc>Verifies that the element identified by ``locator`` is visible.</doc>
<msg timestamp="20240826 17:41:25.660" level="INFO">Element 'css=.py-0' is displayed.</msg>
<status status="PASS" starttime="20240826 17:41:25.643" endtime="20240826 17:41:25.660"/>
</kw>
<status status="PASS" starttime="20240826 17:41:25.081" endtime="20240826 17:41:25.660"/>
</kw>
<kw name="Clicar No Botao Entrar" library="HomePage">
<kw name="Click Element" library="SeleniumLibrary">
<arg>${ENTRAR_BUTTON_CSS}</arg>
<doc>Click the element identified by ``locator``.</doc>
<msg timestamp="20240826 17:41:25.660" level="INFO">Clicking element 'css=.py-0'.</msg>
<status status="PASS" starttime="20240826 17:41:25.660" endtime="20240826 17:41:26.647"/>
</kw>
<status status="PASS" starttime="20240826 17:41:25.660" endtime="20240826 17:41:26.648"/>
</kw>
<kw name="Campos Login Deveriam Estar Visiveis" library="LoginPage">
<kw name="Wait Until Element Is Visible" library="SeleniumLibrary">
<arg>${EMAIL_FIELD_CSS}</arg>
<arg>timeout=10</arg>
<doc>Waits until the element ``locator`` is visible.</doc>
<status status="PASS" starttime="20240826 17:41:26.648" endtime="20240826 17:41:28.284"/>
</kw>
<kw name="Element Should Be Visible" library="SeleniumLibrary">
<arg>${EMAIL_FIELD_CSS}</arg>
<doc>Verifies that the element identified by ``locator`` is visible.</doc>
<msg timestamp="20240826 17:41:28.294" level="INFO">Element 'css=input[name='login']' is displayed.</msg>
<status status="PASS" starttime="20240826 17:41:28.284" endtime="20240826 17:41:28.294"/>
</kw>
<kw name="Element Should Be Visible" library="SeleniumLibrary">
<arg>${PASSWORD_FIELD_CSS}</arg>
<doc>Verifies that the element identified by ``locator`` is visible.</doc>
<msg timestamp="20240826 17:41:28.307" level="INFO">Element 'css=input[type='password']' is displayed.</msg>
<status status="PASS" starttime="20240826 17:41:28.294" endtime="20240826 17:41:28.307"/>
</kw>
<kw name="Element Should Be Visible" library="SeleniumLibrary">
<arg>${CADASTRAR_CONTA_BUTTON_XPATH}</arg>
<doc>Verifies that the element identified by ``locator`` is visible.</doc>
<msg timestamp="20240826 17:41:28.319" level="INFO">Element 'xpath=//button[.//span[text()='Cadastrar conta']]' is displayed.</msg>
<status status="PASS" starttime="20240826 17:41:28.307" endtime="20240826 17:41:28.319"/>
</kw>
<status status="PASS" starttime="20240826 17:41:26.648" endtime="20240826 17:41:28.319"/>
</kw>
<kw name="Preencher Campos De Login" library="LoginPage">
<arg>${EMAIL}</arg>
<arg>${SENHA}</arg>
<kw name="Input Text" library="SeleniumLibrary">
<arg>${EMAIL_FIELD_CSS}</arg>
<arg>${EMAIL}</arg>
<doc>Types the given ``text`` into the text field identified by ``locator``.</doc>
<msg timestamp="20240826 17:41:28.320" level="INFO">Typing text '' into text field 'css=input[name='login']'.</msg>
<status status="PASS" starttime="20240826 17:41:28.319" endtime="20240826 17:41:28.384"/>
</kw>
<kw name="Input Text" library="SeleniumLibrary">
<arg>${PASSWORD_FIELD_CSS}</arg>
<arg>${SENHA}</arg>
<doc>Types the given ``text`` into the text field identified by ``locator``.</doc>
<msg timestamp="20240826 17:41:28.385" level="INFO">Typing text 'q%7&amp;BiWJts6$uXK' into text field 'css=input[type='password']'.</msg>
<status status="PASS" starttime="20240826 17:41:28.385" endtime="20240826 17:41:28.530"/>
</kw>
<kw name="Click Element" library="SeleniumLibrary">
<arg>${ENTRAR_CONTA_BUTTON_XPATH}</arg>
<doc>Click the element identified by ``locator``.</doc>
<msg timestamp="20240826 17:41:28.530" level="INFO">Clicking element 'xpath=//button[.//span[text()='Entrar']]'.</msg>
<status status="PASS" starttime="20240826 17:41:28.530" endtime="20240826 17:41:28.572"/>
</kw>
<status status="PASS" starttime="20240826 17:41:28.319" endtime="20240826 17:41:28.572"/>
</kw>
<status status="PASS" starttime="20240826 17:41:21.513" endtime="20240826 17:41:28.572"/>
</test>
<status status="PASS" starttime="20240826 17:41:21.510" endtime="20240826 17:41:28.574"/>
</suite>
<suite id="s1-s4" name="loginSemSenha" source="/Users/hiagorodrigues/Automaçao/act-digital-automation/features/loginSemSenha.feature">
<test id="s1-s4-t1" name="Fazer Login Sem Email" line="13">
<kw name="Open Browser" library="SeleniumLibrary">
<arg>${URL}</arg>
<arg>${BROWSER}</arg>
<doc>Opens a new browser instance to the optional ``url``.</doc>
<msg timestamp="20240826 17:41:28.580" level="INFO">Opening browser 'Chrome' to base url 'https://www.natura.com.br'.</msg>
<status status="PASS" starttime="20240826 17:41:28.580" endtime="20240826 17:41:31.172"/>
</kw>
<kw name="Maximize Browser Window" library="SeleniumLibrary">
<doc>Maximizes current browser window.</doc>
<status status="PASS" starttime="20240826 17:41:31.173" endtime="20240826 17:41:32.001"/>
</kw>
<kw name="Botao Entrar Deveria Estar Visivel" library="HomePage">
<kw name="Wait Until Element Is Visible" library="SeleniumLibrary">
<arg>${ENTRAR_BUTTON_CSS}</arg>
<arg>timeout=10</arg>
<doc>Waits until the element ``locator`` is visible.</doc>
<status status="PASS" starttime="20240826 17:41:32.001" endtime="20240826 17:41:32.789"/>
</kw>
<kw name="Element Should Be Visible" library="SeleniumLibrary">
<arg>${ENTRAR_BUTTON_CSS}</arg>
<doc>Verifies that the element identified by ``locator`` is visible.</doc>
<msg timestamp="20240826 17:41:32.803" level="INFO">Element 'css=.py-0' is displayed.</msg>
<status status="PASS" starttime="20240826 17:41:32.789" endtime="20240826 17:41:32.803"/>
</kw>
<status status="PASS" starttime="20240826 17:41:32.001" endtime="20240826 17:41:32.803"/>
</kw>
<kw name="Clicar No Botao Entrar" library="HomePage">
<kw name="Click Element" library="SeleniumLibrary">
<arg>${ENTRAR_BUTTON_CSS}</arg>
<doc>Click the element identified by ``locator``.</doc>
<msg timestamp="20240826 17:41:32.804" level="INFO">Clicking element 'css=.py-0'.</msg>
<status status="PASS" starttime="20240826 17:41:32.803" endtime="20240826 17:41:32.947"/>
</kw>
<status status="PASS" starttime="20240826 17:41:32.803" endtime="20240826 17:41:32.947"/>
</kw>
<kw name="Campos Login Deveriam Estar Visiveis" library="LoginPage">
<kw name="Wait Until Element Is Visible" library="SeleniumLibrary">
<arg>${EMAIL_FIELD_CSS}</arg>
<arg>timeout=10</arg>
<doc>Waits until the element ``locator`` is visible.</doc>
<status status="PASS" starttime="20240826 17:41:32.948" endtime="20240826 17:41:33.960"/>
</kw>
<kw name="Element Should Be Visible" library="SeleniumLibrary">
<arg>${EMAIL_FIELD_CSS}</arg>
<doc>Verifies that the element identified by ``locator`` is visible.</doc>
<msg timestamp="20240826 17:41:33.973" level="INFO">Element 'css=input[name='login']' is displayed.</msg>
<status status="PASS" starttime="20240826 17:41:33.961" endtime="20240826 17:41:33.973"/>
</kw>
<kw name="Element Should Be Visible" library="SeleniumLibrary">
<arg>${PASSWORD_FIELD_CSS}</arg>
<doc>Verifies that the element identified by ``locator`` is visible.</doc>
<msg timestamp="20240826 17:41:33.986" level="INFO">Element 'css=input[type='password']' is displayed.</msg>
<status status="PASS" starttime="20240826 17:41:33.973" endtime="20240826 17:41:33.986"/>
</kw>
<kw name="Element Should Be Visible" library="SeleniumLibrary">
<arg>${CADASTRAR_CONTA_BUTTON_XPATH}</arg>
<doc>Verifies that the element identified by ``locator`` is visible.</doc>
<msg timestamp="20240826 17:41:34.000" level="INFO">Element 'xpath=//button[.//span[text()='Cadastrar conta']]' is displayed.</msg>
<status status="PASS" starttime="20240826 17:41:33.986" endtime="20240826 17:41:34.000"/>
</kw>
<status status="PASS" starttime="20240826 17:41:32.947" endtime="20240826 17:41:34.000"/>
</kw>
<kw name="Preencher Campos De Login" library="LoginPage">
<arg>${EMAIL}</arg>
<arg>${SENHA}</arg>
<kw name="Input Text" library="SeleniumLibrary">
<arg>${EMAIL_FIELD_CSS}</arg>
<arg>${EMAIL}</arg>
<doc>Types the given ``text`` into the text field identified by ``locator``.</doc>
<msg timestamp="20240826 17:41:34.000" level="INFO">Typing text 'TEste@test.com' into text field 'css=input[name='login']'.</msg>
<status status="PASS" starttime="20240826 17:41:34.000" endtime="20240826 17:41:34.179"/>
</kw>
<kw name="Input Text" library="SeleniumLibrary">
<arg>${PASSWORD_FIELD_CSS}</arg>
<arg>${SENHA}</arg>
<doc>Types the given ``text`` into the text field identified by ``locator``.</doc>
<msg timestamp="20240826 17:41:34.179" level="INFO">Typing text '' into text field 'css=input[type='password']'.</msg>
<status status="PASS" starttime="20240826 17:41:34.179" endtime="20240826 17:41:34.259"/>
</kw>
<kw name="Click Element" library="SeleniumLibrary">
<arg>${ENTRAR_CONTA_BUTTON_XPATH}</arg>
<doc>Click the element identified by ``locator``.</doc>
<msg timestamp="20240826 17:41:34.260" level="INFO">Clicking element 'xpath=//button[.//span[text()='Entrar']]'.</msg>
<status status="PASS" starttime="20240826 17:41:34.260" endtime="20240826 17:41:34.309"/>
</kw>
<status status="PASS" starttime="20240826 17:41:34.000" endtime="20240826 17:41:34.309"/>
</kw>
<kw name="Deve Mostrar Mensagem De Erro" library="LoginPage">
<kw name="Page Should Contain" library="SeleniumLibrary">
<arg>${CAMPO_OBRIGATORIO_MSG}</arg>
<doc>Verifies that current page contains ``text``.</doc>
<msg timestamp="20240826 17:41:34.334" level="INFO">Current page contains text 'Este campo é obrigatório'.</msg>
<status status="PASS" starttime="20240826 17:41:34.309" endtime="20240826 17:41:34.334"/>
</kw>
<status status="PASS" starttime="20240826 17:41:34.309" endtime="20240826 17:41:34.334"/>
</kw>
<status status="PASS" starttime="20240826 17:41:28.580" endtime="20240826 17:41:34.336"/>
</test>
<status status="PASS" starttime="20240826 17:41:28.575" endtime="20240826 17:41:34.337"/>
</suite>
<suite id="s1-s5" name="loginSucesso" source="/Users/hiagorodrigues/Automaçao/act-digital-automation/features/loginSucesso.feature">
<test id="s1-s5-t1" name="Fazer Login Corretamente" line="13">
<kw name="Open Browser" library="SeleniumLibrary">
<arg>${URL}</arg>
<arg>${BROWSER}</arg>
<doc>Opens a new browser instance to the optional ``url``.</doc>
<msg timestamp="20240826 17:41:34.349" level="INFO">Opening browser 'Chrome' to base url 'https://www.natura.com.br'.</msg>
<status status="PASS" starttime="20240826 17:41:34.348" endtime="20240826 17:41:36.883"/>
</kw>
<kw name="Maximize Browser Window" library="SeleniumLibrary">
<doc>Maximizes current browser window.</doc>
<status status="PASS" starttime="20240826 17:41:36.883" endtime="20240826 17:41:38.551"/>
</kw>
<kw name="Botao Entrar Deveria Estar Visivel" library="HomePage">
<kw name="Wait Until Element Is Visible" library="SeleniumLibrary">
<arg>${ENTRAR_BUTTON_CSS}</arg>
<arg>timeout=10</arg>
<doc>Waits until the element ``locator`` is visible.</doc>
<status status="PASS" starttime="20240826 17:41:38.552" endtime="20240826 17:41:39.187"/>
</kw>
<kw name="Element Should Be Visible" library="SeleniumLibrary">
<arg>${ENTRAR_BUTTON_CSS}</arg>
<doc>Verifies that the element identified by ``locator`` is visible.</doc>
<msg timestamp="20240826 17:41:39.327" level="INFO">Element 'css=.py-0' is displayed.</msg>
<status status="PASS" starttime="20240826 17:41:39.187" endtime="20240826 17:41:39.327"/>
</kw>
<status status="PASS" starttime="20240826 17:41:38.551" endtime="20240826 17:41:39.327"/>
</kw>
<kw name="Clicar No Botao Entrar" library="HomePage">
<kw name="Click Element" library="SeleniumLibrary">
<arg>${ENTRAR_BUTTON_CSS}</arg>
<doc>Click the element identified by ``locator``.</doc>
<msg timestamp="20240826 17:41:39.329" level="INFO">Clicking element 'css=.py-0'.</msg>
<status status="PASS" starttime="20240826 17:41:39.328" endtime="20240826 17:41:39.572"/>
</kw>
<status status="PASS" starttime="20240826 17:41:39.327" endtime="20240826 17:41:39.572"/>
</kw>
<kw name="Campos Login Deveriam Estar Visiveis" library="LoginPage">
<kw name="Wait Until Element Is Visible" library="SeleniumLibrary">
<arg>${EMAIL_FIELD_CSS}</arg>
<arg>timeout=10</arg>
<doc>Waits until the element ``locator`` is visible.</doc>
<status status="PASS" starttime="20240826 17:41:39.573" endtime="20240826 17:41:40.341"/>
</kw>
<kw name="Element Should Be Visible" library="SeleniumLibrary">
<arg>${EMAIL_FIELD_CSS}</arg>
<doc>Verifies that the element identified by ``locator`` is visible.</doc>
<msg timestamp="20240826 17:41:40.364" level="INFO">Element 'css=input[name='login']' is displayed.</msg>
<status status="PASS" starttime="20240826 17:41:40.341" endtime="20240826 17:41:40.364"/>
</kw>
<kw name="Element Should Be Visible" library="SeleniumLibrary">
<arg>${PASSWORD_FIELD_CSS}</arg>
<doc>Verifies that the element identified by ``locator`` is visible.</doc>
<msg timestamp="20240826 17:41:40.383" level="INFO">Element 'css=input[type='password']' is displayed.</msg>
<status status="PASS" starttime="20240826 17:41:40.364" endtime="20240826 17:41:40.383"/>
</kw>
<kw name="Element Should Be Visible" library="SeleniumLibrary">
<arg>${CADASTRAR_CONTA_BUTTON_XPATH}</arg>
<doc>Verifies that the element identified by ``locator`` is visible.</doc>
<msg timestamp="20240826 17:41:40.406" level="INFO">Element 'xpath=//button[.//span[text()='Cadastrar conta']]' is displayed.</msg>
<status status="PASS" starttime="20240826 17:41:40.383" endtime="20240826 17:41:40.406"/>
</kw>
<status status="PASS" starttime="20240826 17:41:39.573" endtime="20240826 17:41:40.406"/>
</kw>
<kw name="Preencher Campos De Login" library="LoginPage">
<arg>${EMAIL}</arg>
<arg>${SENHA}</arg>
<kw name="Input Text" library="SeleniumLibrary">
<arg>${EMAIL_FIELD_CSS}</arg>
<arg>${EMAIL}</arg>
<doc>Types the given ``text`` into the text field identified by ``locator``.</doc>
<msg timestamp="20240826 17:41:40.407" level="INFO">Typing text 'TEste@test.com' into text field 'css=input[name='login']'.</msg>
<status status="PASS" starttime="20240826 17:41:40.407" endtime="20240826 17:41:41.331"/>
</kw>
<kw name="Input Text" library="SeleniumLibrary">
<arg>${PASSWORD_FIELD_CSS}</arg>
<arg>${SENHA}</arg>
<doc>Types the given ``text`` into the text field identified by ``locator``.</doc>
<msg timestamp="20240826 17:41:41.332" level="INFO">Typing text 'q%7&amp;BiWJts6$uXK' into text field 'css=input[type='password']'.</msg>
<status status="PASS" starttime="20240826 17:41:41.332" endtime="20240826 17:41:41.562"/>
</kw>
<kw name="Click Element" library="SeleniumLibrary">
<arg>${ENTRAR_CONTA_BUTTON_XPATH}</arg>
<doc>Click the element identified by ``locator``.</doc>
<msg timestamp="20240826 17:41:41.563" level="INFO">Clicking element 'xpath=//button[.//span[text()='Entrar']]'.</msg>
<status status="PASS" starttime="20240826 17:41:41.563" endtime="20240826 17:41:41.662"/>
</kw>
<status status="PASS" starttime="20240826 17:41:40.406" endtime="20240826 17:41:41.662"/>
</kw>
<status status="PASS" starttime="20240826 17:41:34.345" endtime="20240826 17:41:41.662"/>
</test>
<status status="PASS" starttime="20240826 17:41:34.338" endtime="20240826 17:41:41.663"/>
</suite>
<suite id="s1-s6" name="verificarPaginaDeLogin" source="/Users/hiagorodrigues/Automaçao/act-digital-automation/features/verificarPaginaDeLogin.feature">
<test id="s1-s6-t1" name="Verificar Campos De Login E Cadastrar Conta" line="11">
<kw name="Open Browser" library="SeleniumLibrary">
<arg>${URL}</arg>
<arg>${BROWSER}</arg>
<doc>Opens a new browser instance to the optional ``url``.</doc>
<msg timestamp="20240826 17:41:41.689" level="INFO">Opening browser 'Chrome' to base url 'https://www.natura.com.br'.</msg>
<status status="PASS" starttime="20240826 17:41:41.685" endtime="20240826 17:41:46.492"/>
</kw>
<kw name="Maximize Browser Window" library="SeleniumLibrary">
<doc>Maximizes current browser window.</doc>
<status status="PASS" starttime="20240826 17:41:46.493" endtime="20240826 17:41:47.184"/>
</kw>
<kw name="Botao Entrar Deveria Estar Visivel" library="HomePage">
<kw name="Wait Until Element Is Visible" library="SeleniumLibrary">
<arg>${ENTRAR_BUTTON_CSS}</arg>
<arg>timeout=10</arg>
<doc>Waits until the element ``locator`` is visible.</doc>
<status status="PASS" starttime="20240826 17:41:47.190" endtime="20240826 17:41:47.291"/>
</kw>
<kw name="Element Should Be Visible" library="SeleniumLibrary">
<arg>${ENTRAR_BUTTON_CSS}</arg>
<doc>Verifies that the element identified by ``locator`` is visible.</doc>
<msg timestamp="20240826 17:41:47.366" level="INFO">Element 'css=.py-0' is displayed.</msg>
<status status="PASS" starttime="20240826 17:41:47.291" endtime="20240826 17:41:47.368"/>
</kw>
<status status="PASS" starttime="20240826 17:41:47.187" endtime="20240826 17:41:47.368"/>
</kw>
<kw name="Clicar No Botao Entrar" library="HomePage">
<kw name="Click Element" library="SeleniumLibrary">
<arg>${ENTRAR_BUTTON_CSS}</arg>
<doc>Click the element identified by ``locator``.</doc>
<msg timestamp="20240826 17:41:47.369" level="INFO">Clicking element 'css=.py-0'.</msg>
<status status="PASS" starttime="20240826 17:41:47.368" endtime="20240826 17:41:48.591"/>
</kw>
<status status="PASS" starttime="20240826 17:41:47.368" endtime="20240826 17:41:48.592"/>
</kw>
<kw name="Campos Login Deveriam Estar Visiveis" library="LoginPage">
<kw name="Wait Until Element Is Visible" library="SeleniumLibrary">
<arg>${EMAIL_FIELD_CSS}</arg>
<arg>timeout=10</arg>
<doc>Waits until the element ``locator`` is visible.</doc>
<status status="PASS" starttime="20240826 17:41:48.592" endtime="20240826 17:41:48.628"/>
</kw>
<kw name="Element Should Be Visible" library="SeleniumLibrary">
<arg>${EMAIL_FIELD_CSS}</arg>
<doc>Verifies that the element identified by ``locator`` is visible.</doc>
<msg timestamp="20240826 17:41:48.656" level="INFO">Element 'css=input[name='login']' is displayed.</msg>
<status status="PASS" starttime="20240826 17:41:48.628" endtime="20240826 17:41:48.657"/>
</kw>
<kw name="Element Should Be Visible" library="SeleniumLibrary">
<arg>${PASSWORD_FIELD_CSS}</arg>
<doc>Verifies that the element identified by ``locator`` is visible.</doc>
<msg timestamp="20240826 17:41:49.612" level="INFO">Element 'css=input[type='password']' is displayed.</msg>
<status status="PASS" starttime="20240826 17:41:48.657" endtime="20240826 17:41:49.612"/>
</kw>
<kw name="Element Should Be Visible" library="SeleniumLibrary">
<arg>${CADASTRAR_CONTA_BUTTON_XPATH}</arg>
<doc>Verifies that the element identified by ``locator`` is visible.</doc>
<msg timestamp="20240826 17:41:49.639" level="INFO">Element 'xpath=//button[.//span[text()='Cadastrar conta']]' is displayed.</msg>
<status status="PASS" starttime="20240826 17:41:49.612" endtime="20240826 17:41:49.639"/>
</kw>
<status status="PASS" starttime="20240826 17:41:48.592" endtime="20240826 17:41:49.640"/>
</kw>
<kw name="Close Browser" library="SeleniumLibrary">
<doc>Closes the current browser.</doc>
<status status="PASS" starttime="20240826 17:41:49.641" endtime="20240826 17:41:49.784"/>
</kw>
<status status="PASS" starttime="20240826 17:41:41.679" endtime="20240826 17:41:49.784"/>
</test>
<status status="PASS" starttime="20240826 17:41:41.665" endtime="20240826 17:41:49.785"/>
</suite>
<suite id="s1-s7" name="verificarPaginaInicial" source="/Users/hiagorodrigues/Automaçao/act-digital-automation/features/verificarPaginaInicial.feature">
<test id="s1-s7-t1" name="Verificar Botao Entrar Visivel Na Pagina Inicial" line="10">
<kw name="Open Browser" library="SeleniumLibrary">
<arg>${URL}</arg>
<arg>${BROWSER}</arg>
<doc>Opens a new browser instance to the optional ``url``.</doc>
<msg timestamp="20240826 17:41:49.791" level="INFO">Opening browser 'Chrome' to base url 'https://www.natura.com.br'.</msg>
<status status="PASS" starttime="20240826 17:41:49.791" endtime="20240826 17:41:53.038"/>
</kw>
<kw name="Maximize Browser Window" library="SeleniumLibrary">
<doc>Maximizes current browser window.</doc>
<status status="PASS" starttime="20240826 17:41:53.039" endtime="20240826 17:41:53.584"/>
</kw>
<kw name="Botao Entrar Deveria Estar Visivel" library="HomePage">
<kw name="Wait Until Element Is Visible" library="SeleniumLibrary">
<arg>${ENTRAR_BUTTON_CSS}</arg>
<arg>timeout=10</arg>
<doc>Waits until the element ``locator`` is visible.</doc>
<status status="PASS" starttime="20240826 17:41:53.585" endtime="20240826 17:41:53.637"/>
</kw>
<kw name="Element Should Be Visible" library="SeleniumLibrary">
<arg>${ENTRAR_BUTTON_CSS}</arg>
<doc>Verifies that the element identified by ``locator`` is visible.</doc>
<msg timestamp="20240826 17:41:53.664" level="INFO">Element 'css=.py-0' is displayed.</msg>
<status status="PASS" starttime="20240826 17:41:53.637" endtime="20240826 17:41:53.665"/>
</kw>
<status status="PASS" starttime="20240826 17:41:53.584" endtime="20240826 17:41:53.665"/>
</kw>
<kw name="Close Browser" library="SeleniumLibrary">
<doc>Closes the current browser.</doc>
<status status="PASS" starttime="20240826 17:41:53.665" endtime="20240826 17:41:53.770"/>
</kw>
<status status="PASS" starttime="20240826 17:41:49.790" endtime="20240826 17:41:53.771"/>
</test>
<status status="PASS" starttime="20240826 17:41:49.786" endtime="20240826 17:41:53.771"/>
</suite>
<status status="FAIL" starttime="20240826 17:41:09.668" endtime="20240826 17:41:53.772"/>
</suite>
<statistics>
<total>
<stat pass="6" fail="1" skip="0">All Tests</stat>
</total>
<tag>
</tag>
<suite>
<stat pass="6" fail="1" skip="0" id="s1" name="cadastrarNovaConta &amp; camposInvertidos &amp; loginSemEmail &amp; loginSemSenha &amp; loginSucesso &amp; verificarPaginaDeLogin &amp; verificarPaginaInicial">cadastrarNovaConta &amp; camposInvertidos &amp; loginSemEmail &amp; loginSemSenha &amp; loginSucesso &amp; verificarPaginaDeLogin &amp; verificarPaginaInicial</stat>
<stat pass="1" fail="0" skip="0" id="s1-s1" name="cadastrarNovaConta">cadastrarNovaConta &amp; camposInvertidos &amp; loginSemEmail &amp; loginSemSenha &amp; loginSucesso &amp; verificarPaginaDeLogin &amp; verificarPaginaInicial.cadastrarNovaConta</stat>
<stat pass="0" fail="1" skip="0" id="s1-s2" name="camposInvertidos">cadastrarNovaConta &amp; camposInvertidos &amp; loginSemEmail &amp; loginSemSenha &amp; loginSucesso &amp; verificarPaginaDeLogin &amp; verificarPaginaInicial.camposInvertidos</stat>
<stat pass="1" fail="0" skip="0" id="s1-s3" name="loginSemEmail">cadastrarNovaConta &amp; camposInvertidos &amp; loginSemEmail &amp; loginSemSenha &amp; loginSucesso &amp; verificarPaginaDeLogin &amp; verificarPaginaInicial.loginSemEmail</stat>
<stat pass="1" fail="0" skip="0" id="s1-s4" name="loginSemSenha">cadastrarNovaConta &amp; camposInvertidos &amp; loginSemEmail &amp; loginSemSenha &amp; loginSucesso &amp; verificarPaginaDeLogin &amp; verificarPaginaInicial.loginSemSenha</stat>
<stat pass="1" fail="0" skip="0" id="s1-s5" name="loginSucesso">cadastrarNovaConta &amp; camposInvertidos &amp; loginSemEmail &amp; loginSemSenha &amp; loginSucesso &amp; verificarPaginaDeLogin &amp; verificarPaginaInicial.loginSucesso</stat>
<stat pass="1" fail="0" skip="0" id="s1-s6" name="verificarPaginaDeLogin">cadastrarNovaConta &amp; camposInvertidos &amp; loginSemEmail &amp; loginSemSenha &amp; loginSucesso &amp; verificarPaginaDeLogin &amp; verificarPaginaInicial.verificarPaginaDeLogin</stat>
<stat pass="1" fail="0" skip="0" id="s1-s7" name="verificarPaginaInicial">cadastrarNovaConta &amp; camposInvertidos &amp; loginSemEmail &amp; loginSemSenha &amp; loginSucesso &amp; verificarPaginaDeLogin &amp; verificarPaginaInicial.verificarPaginaInicial</stat>
</suite>
</statistics>
<errors>
</errors>
</robot>
