<?xml version="1.0" encoding="UTF-8"?>
<robot generator="Robot 6.1.1 (Python 3.11.9 on darwin)" generated="20240826 17:01:13.765" rpa="false" schemaversion="4">
<suite id="s1" name="CadastrarNovaConta" source="/Users/hiagorodrigues/Automaçao/act-digital-automation/features/CadastrarNovaConta.feature">
<test id="s1-t1" name="Cadastrar Nova Conta Com Campos Validos" line="17">
<kw name="Open Browser" library="SeleniumLibrary">
<arg>${URL}</arg>
<arg>${BROWSER}</arg>
<doc>Opens a new browser instance to the optional ``url``.</doc>
<msg timestamp="20240826 17:01:13.848" level="INFO">Opening browser 'Chrome' to base url 'https://www.natura.com.br'.</msg>
<status status="PASS" starttime="20240826 17:01:13.848" endtime="20240826 17:01:16.662"/>
</kw>
<kw name="Maximize Browser Window" library="SeleniumLibrary">
<doc>Maximizes current browser window.</doc>
<status status="PASS" starttime="20240826 17:01:16.664" endtime="20240826 17:01:17.215"/>
</kw>
<kw name="Botao Entrar Deveria Estar Visivel" library="HomePage">
<kw name="Wait Until Element Is Visible" library="SeleniumLibrary">
<arg>${ENTRAR_BUTTON_CSS}</arg>
<arg>timeout=10</arg>
<doc>Waits until the element ``locator`` is visible.</doc>
<status status="PASS" starttime="20240826 17:01:17.217" endtime="20240826 17:01:22.882"/>
</kw>
<kw name="Element Should Be Visible" library="SeleniumLibrary">
<arg>${ENTRAR_BUTTON_CSS}</arg>
<doc>Verifies that the element identified by ``locator`` is visible.</doc>
<msg timestamp="20240826 17:01:22.895" level="INFO">Element 'css=.py-0' is displayed.</msg>
<status status="PASS" starttime="20240826 17:01:22.883" endtime="20240826 17:01:22.896"/>
</kw>
<status status="PASS" starttime="20240826 17:01:17.215" endtime="20240826 17:01:22.896"/>
</kw>
<kw name="Clicar No Botao Entrar" library="HomePage">
<kw name="Click Element" library="SeleniumLibrary">
<arg>${ENTRAR_BUTTON_CSS}</arg>
<doc>Click the element identified by ``locator``.</doc>
<msg timestamp="20240826 17:01:22.896" level="INFO">Clicking element 'css=.py-0'.</msg>
<status status="PASS" starttime="20240826 17:01:22.896" endtime="20240826 17:01:23.030"/>
</kw>
<status status="PASS" starttime="20240826 17:01:22.896" endtime="20240826 17:01:23.030"/>
</kw>
<kw name="Campos Login Deveriam Estar Visiveis" library="LoginPage">
<kw name="Wait Until Element Is Visible" library="SeleniumLibrary">
<arg>${EMAIL_FIELD_CSS}</arg>
<arg>timeout=10</arg>
<doc>Waits until the element ``locator`` is visible.</doc>
<status status="PASS" starttime="20240826 17:01:23.030" endtime="20240826 17:01:24.479"/>
</kw>
<kw name="Element Should Be Visible" library="SeleniumLibrary">
<arg>${EMAIL_FIELD_CSS}</arg>
<doc>Verifies that the element identified by ``locator`` is visible.</doc>
<msg timestamp="20240826 17:01:24.495" level="INFO">Element 'css=input[name='login']' is displayed.</msg>
<status status="PASS" starttime="20240826 17:01:24.479" endtime="20240826 17:01:24.495"/>
</kw>
<kw name="Element Should Be Visible" library="SeleniumLibrary">
<arg>${PASSWORD_FIELD_CSS}</arg>
<doc>Verifies that the element identified by ``locator`` is visible.</doc>
<msg timestamp="20240826 17:01:24.505" level="INFO">Element 'css=input[type='password']' is displayed.</msg>
<status status="PASS" starttime="20240826 17:01:24.495" endtime="20240826 17:01:24.505"/>
</kw>
<kw name="Element Should Be Visible" library="SeleniumLibrary">
<arg>${CADASTRAR_CONTA_BUTTON_XPATH}</arg>
<doc>Verifies that the element identified by ``locator`` is visible.</doc>
<msg timestamp="20240826 17:01:24.515" level="INFO">Element 'xpath=//button[.//span[text()='Cadastrar conta']]' is displayed.</msg>
<status status="PASS" starttime="20240826 17:01:24.505" endtime="20240826 17:01:24.515"/>
</kw>
<status status="PASS" starttime="20240826 17:01:23.030" endtime="20240826 17:01:24.515"/>
</kw>
<kw name="Clicar No Botao Cadastrar Conta" library="LoginPage">
<kw name="Click Element" library="SeleniumLibrary">
<arg>${CADASTRAR_CONTA_BUTTON_XPATH}</arg>
<doc>Click the element identified by ``locator``.</doc>
<msg timestamp="20240826 17:01:24.516" level="INFO">Clicking element 'xpath=//button[.//span[text()='Cadastrar conta']]'.</msg>
<status status="PASS" starttime="20240826 17:01:24.515" endtime="20240826 17:01:24.554"/>
</kw>
<status status="PASS" starttime="20240826 17:01:24.515" endtime="20240826 17:01:24.554"/>
</kw>
<kw name="Campos Cadastro Deveriam Estar Visiveis" library="LoginPage">
<kw name="Wait Until Element Is Visible" library="SeleniumLibrary">
<arg>${NAME_FIELD_CSS}</arg>
<arg>timeout=10</arg>
<doc>Waits until the element ``locator`` is visible.</doc>
<status status="PASS" starttime="20240826 17:01:24.555" endtime="20240826 17:01:24.782"/>
</kw>
<kw name="Element Should Be Visible" library="SeleniumLibrary">
<arg>${NAME_FIELD_CSS}</arg>
<doc>Verifies that the element identified by ``locator`` is visible.</doc>
<msg timestamp="20240826 17:01:24.789" level="INFO">Element 'css=input[name='firstName']' is displayed.</msg>
<status status="PASS" starttime="20240826 17:01:24.782" endtime="20240826 17:01:24.789"/>
</kw>
<kw name="Element Should Be Visible" library="SeleniumLibrary">
<arg>${LAST_NAME_FIELD_CSS}</arg>
<doc>Verifies that the element identified by ``locator`` is visible.</doc>
<msg timestamp="20240826 17:01:24.799" level="INFO">Element 'css=input[name='lastName']' is displayed.</msg>
<status status="PASS" starttime="20240826 17:01:24.789" endtime="20240826 17:01:24.799"/>
</kw>
<kw name="Element Should Be Visible" library="SeleniumLibrary">
<arg>${PASSWORD_FIELD_CSS}</arg>
<doc>Verifies that the element identified by ``locator`` is visible.</doc>
<msg timestamp="20240826 17:01:24.809" level="INFO">Element 'css=input[type='password']' is displayed.</msg>
<status status="PASS" starttime="20240826 17:01:24.799" endtime="20240826 17:01:24.809"/>
</kw>
<kw name="Element Should Be Visible" library="SeleniumLibrary">
<arg>${CONFIRM_PASSWORD_FIELD_CSS}</arg>
<doc>Verifies that the element identified by ``locator`` is visible.</doc>
<msg timestamp="20240826 17:01:24.819" level="INFO">Element 'css=input[name='confirmPassword']' is displayed.</msg>
<status status="PASS" starttime="20240826 17:01:24.809" endtime="20240826 17:01:24.819"/>
</kw>
<kw name="Element Should Be Visible" library="SeleniumLibrary">
<arg>${CPF_FIELD_CSS}</arg>
<doc>Verifies that the element identified by ``locator`` is visible.</doc>
<msg timestamp="20240826 17:01:24.830" level="INFO">Element 'css=input[name='cpf']' is displayed.</msg>
<status status="PASS" starttime="20240826 17:01:24.819" endtime="20240826 17:01:24.830"/>
</kw>
<kw name="Element Should Be Visible" library="SeleniumLibrary">
<arg>${CELULAR_FIELD_CSS}</arg>
<doc>Verifies that the element identified by ``locator`` is visible.</doc>
<msg timestamp="20240826 17:01:24.839" level="INFO">Element 'css=input[name='homePhone']' is displayed.</msg>
<status status="PASS" starttime="20240826 17:01:24.830" endtime="20240826 17:01:24.839"/>
</kw>
<status status="PASS" starttime="20240826 17:01:24.555" endtime="20240826 17:01:24.839"/>
</kw>
<kw name="Preencher Campos De Cadastro" library="LoginPage">
<arg>${NOME}</arg>
<arg>${SOBRENOME}</arg>
<arg>${EMAIL}</arg>
<arg>${SENHA}</arg>
<arg>${CPF}</arg>
<arg>${CELULAR}</arg>
<kw name="Input Text" library="SeleniumLibrary">
<arg>${NAME_FIELD_CSS}</arg>
<arg>${nome}</arg>
<doc>Types the given ``text`` into the text field identified by ``locator``.</doc>
<msg timestamp="20240826 17:01:24.840" level="INFO">Typing text 'João' into text field 'css=input[name='firstName']'.</msg>
<status status="PASS" starttime="20240826 17:01:24.840" endtime="20240826 17:01:24.973"/>
</kw>
<kw name="Input Text" library="SeleniumLibrary">
<arg>${LAST_NAME_FIELD_CSS}</arg>
<arg>${sobrenome}</arg>
<doc>Types the given ``text`` into the text field identified by ``locator``.</doc>
<msg timestamp="20240826 17:01:24.973" level="INFO">Typing text 'Silva' into text field 'css=input[name='lastName']'.</msg>
<status status="PASS" starttime="20240826 17:01:24.973" endtime="20240826 17:01:25.038"/>
</kw>
<kw name="Input Text" library="SeleniumLibrary">
<arg>${EMAIL}</arg>
<arg>${email}</arg>
<doc>Types the given ``text`` into the text field identified by ``locator``.</doc>
<msg timestamp="20240826 17:01:25.038" level="INFO">Typing text 'email' into text field 'email'.</msg>
<status status="PASS" starttime="20240826 17:01:25.038" endtime="20240826 17:01:25.098"/>
</kw>
<kw name="Input Password" library="SeleniumLibrary">
<arg>${PASSWORD_FIELD_CSS}</arg>
<arg>${senha}</arg>
<doc>Types the given password into the text field identified by ``locator``.</doc>
<msg timestamp="20240826 17:01:25.099" level="INFO">Typing password into text field 'css=input[type='password']'.</msg>
<msg timestamp="20240826 17:01:25.116" level="INFO">Temporally setting log level to: NONE</msg>
<msg timestamp="20240826 17:01:25.204" level="INFO">Log level changed from NONE to INFO.</msg>
<status status="PASS" starttime="20240826 17:01:25.098" endtime="20240826 17:01:25.204"/>
</kw>
<kw name="Input Password" library="SeleniumLibrary">
<arg>${CONFIRM_PASSWORD_FIELD_CSS}</arg>
<arg>${senha}</arg>
<doc>Types the given password into the text field identified by ``locator``.</doc>
<msg timestamp="20240826 17:01:25.205" level="INFO">Typing password into text field 'css=input[name='confirmPassword']'.</msg>
<msg timestamp="20240826 17:01:25.228" level="INFO">Temporally setting log level to: NONE</msg>
<msg timestamp="20240826 17:01:25.264" level="INFO">Log level changed from NONE to INFO.</msg>
<status status="PASS" starttime="20240826 17:01:25.204" endtime="20240826 17:01:25.264"/>
</kw>
<kw name="Input Text" library="SeleniumLibrary">
<arg>${CPF_FIELD_CSS}</arg>
<arg>${cpf}</arg>
<doc>Types the given ``text`` into the text field identified by ``locator``.</doc>
<msg timestamp="20240826 17:01:25.264" level="INFO">Typing text '123.456.789-09' into text field 'css=input[name='cpf']'.</msg>
<status status="PASS" starttime="20240826 17:01:25.264" endtime="20240826 17:01:25.334"/>
</kw>
<kw name="Input Text" library="SeleniumLibrary">
<arg>${CELULAR_FIELD_CSS}</arg>
<arg>${celular}</arg>
<doc>Types the given ``text`` into the text field identified by ``locator``.</doc>
<msg timestamp="20240826 17:01:25.335" level="INFO">Typing text '11987654321' into text field 'css=input[name='homePhone']'.</msg>
<status status="PASS" starttime="20240826 17:01:25.335" endtime="20240826 17:01:25.447"/>
</kw>
<kw name="Click Element" library="SeleniumLibrary">
<arg>${CADASTRAR_CONTA_BUTTON_CSS}</arg>
<doc>Click the element identified by ``locator``.</doc>
<msg timestamp="20240826 17:01:25.447" level="INFO">Clicking element 'xpath=//button[span[text()='cadastrar conta']]'.</msg>
<status status="PASS" starttime="20240826 17:01:25.447" endtime="20240826 17:01:25.514"/>
</kw>
<status status="PASS" starttime="20240826 17:01:24.839" endtime="20240826 17:01:25.514"/>
</kw>
<status status="PASS" starttime="20240826 17:01:13.847" endtime="20240826 17:01:25.514"/>
</test>
<status status="PASS" starttime="20240826 17:01:13.765" endtime="20240826 17:01:25.515"/>
</suite>
<statistics>
<total>
<stat pass="1" fail="0" skip="0">All Tests</stat>
</total>
<tag>
</tag>
<suite>
<stat pass="1" fail="0" skip="0" id="s1" name="CadastrarNovaConta">CadastrarNovaConta</stat>
</suite>
</statistics>
<errors>
</errors>
</robot>
